{"/Users/leonidponomarev/temp/task/backend/app.js": {"path":"/Users/leonidponomarev/temp/task/backend/app.js","statementMap":{"0":{"start":{"line":1,"column":16},"end":{"line":1,"column":34}},"1":{"start":{"line":2,"column":13},"end":{"line":2,"column":28}},"2":{"start":{"line":3,"column":19},"end":{"line":3,"column":48}},"3":{"start":{"line":4,"column":15},"end":{"line":4,"column":44}},"4":{"start":{"line":8,"column":2},"end":{"line":8,"column":49}},"5":{"start":{"line":9,"column":2},"end":{"line":12,"column":4}},"6":{"start":{"line":13,"column":2},"end":{"line":13,"column":16}},"7":{"start":{"line":17,"column":12},"end":{"line":17,"column":21}},"8":{"start":{"line":18,"column":16},"end":{"line":20,"column":1}},"9":{"start":{"line":21,"column":0},"end":{"line":21,"column":23}},"10":{"start":{"line":22,"column":0},"end":{"line":22,"column":20}},"11":{"start":{"line":23,"column":0},"end":{"line":23,"column":20}},"12":{"start":{"line":26,"column":0},"end":{"line":26,"column":77}},"13":{"start":{"line":29,"column":0},"end":{"line":32,"column":3}},"14":{"start":{"line":30,"column":2},"end":{"line":30,"column":35}},"15":{"start":{"line":31,"column":2},"end":{"line":31,"column":36}},"16":{"start":{"line":34,"column":0},"end":{"line":34,"column":21}}},"fnMap":{"0":{"name":"setHeaders","decl":{"start":{"line":7,"column":9},"end":{"line":7,"column":19}},"loc":{"start":{"line":7,"column":36},"end":{"line":14,"column":1}},"line":7},"1":{"name":"(anonymous_1)","decl":{"start":{"line":29,"column":8},"end":{"line":29,"column":9}},"loc":{"start":{"line":29,"column":39},"end":{"line":32,"column":1}},"line":29}},"branchMap":{"0":{"loc":{"start":{"line":30,"column":15},"end":{"line":30,"column":33}},"type":"binary-expr","locations":[{"start":{"line":30,"column":15},"end":{"line":30,"column":26}},{"start":{"line":30,"column":30},"end":{"line":30,"column":33}}],"line":30}},"s":{"0":1,"1":1,"2":1,"3":1,"4":27,"5":27,"6":27,"7":1,"8":1,"9":1,"10":1,"11":1,"12":1,"13":1,"14":1,"15":1,"16":1},"f":{"0":27,"1":1},"b":{"0":[1,0]},"_coverageSchema":"1a1c01bbd47fc00a2c39e90264f33305004495a9","hash":"d7a75a69ca19bcd8e72879a603d1aba86170215b"}
,"/Users/leonidponomarev/temp/task/backend/db/db.js": {"path":"/Users/leonidponomarev/temp/task/backend/db/db.js","statementMap":{"0":{"start":{"line":1,"column":16},"end":{"line":1,"column":44}},"1":{"start":{"line":2,"column":11},"end":{"line":2,"column":47}},"2":{"start":{"line":5,"column":2},"end":{"line":10,"column":3}},"3":{"start":{"line":13,"column":2},"end":{"line":21,"column":3}},"4":{"start":{"line":23,"column":0},"end":{"line":28,"column":3}},"5":{"start":{"line":26,"column":2},"end":{"line":26,"column":30}},"6":{"start":{"line":27,"column":2},"end":{"line":27,"column":29}},"7":{"start":{"line":30,"column":0},"end":{"line":30,"column":20}}},"fnMap":{"0":{"name":"(anonymous_0)","decl":{"start":{"line":23,"column":13},"end":{"line":23,"column":14}},"loc":{"start":{"line":23,"column":19},"end":{"line":28,"column":1}},"line":23}},"branchMap":{},"s":{"0":1,"1":1,"2":1,"3":1,"4":1,"5":1,"6":1,"7":1},"f":{"0":1},"b":{},"_coverageSchema":"1a1c01bbd47fc00a2c39e90264f33305004495a9","hash":"b0620f9abe435eb1a46313b223d5471f4cc9ec01"}
,"/Users/leonidponomarev/temp/task/backend/db/index.js": {"path":"/Users/leonidponomarev/temp/task/backend/db/index.js","statementMap":{"0":{"start":{"line":1,"column":0},"end":{"line":1,"column":33}}},"fnMap":{},"branchMap":{},"s":{"0":1},"f":{},"b":{},"_coverageSchema":"1a1c01bbd47fc00a2c39e90264f33305004495a9","hash":"e0a6b923d52eb81f47e3fe6c8d3e61015aa1b748"}
,"/Users/leonidponomarev/temp/task/backend/routes/device.js": {"path":"/Users/leonidponomarev/temp/task/backend/routes/device.js","statementMap":{"0":{"start":{"line":1,"column":15},"end":{"line":1,"column":35}},"1":{"start":{"line":2,"column":16},"end":{"line":2,"column":45}},"2":{"start":{"line":3,"column":11},"end":{"line":3,"column":27}},"3":{"start":{"line":4,"column":50},"end":{"line":4,"column":77}},"4":{"start":{"line":5,"column":15},"end":{"line":5,"column":44}},"5":{"start":{"line":6,"column":24},"end":{"line":6,"column":59}},"6":{"start":{"line":8,"column":25},"end":{"line":14,"column":1}},"7":{"start":{"line":16,"column":29},"end":{"line":28,"column":1}},"8":{"start":{"line":17,"column":28},"end":{"line":21,"column":3}},"9":{"start":{"line":22,"column":2},"end":{"line":27,"column":3}},"10":{"start":{"line":23,"column":4},"end":{"line":23,"column":32}},"11":{"start":{"line":24,"column":4},"end":{"line":24,"column":41}},"12":{"start":{"line":26,"column":4},"end":{"line":26,"column":11}},"13":{"start":{"line":30,"column":27},"end":{"line":50,"column":1}},"14":{"start":{"line":32,"column":4},"end":{"line":32,"column":78}},"15":{"start":{"line":33,"column":2},"end":{"line":49,"column":5}},"16":{"start":{"line":34,"column":4},"end":{"line":48,"column":5}},"17":{"start":{"line":35,"column":6},"end":{"line":35,"column":26}},"18":{"start":{"line":36,"column":6},"end":{"line":36,"column":27}},"19":{"start":{"line":37,"column":6},"end":{"line":37,"column":19}},"20":{"start":{"line":38,"column":11},"end":{"line":48,"column":5}},"21":{"start":{"line":39,"column":6},"end":{"line":39,"column":27}},"22":{"start":{"line":40,"column":6},"end":{"line":40,"column":50}},"23":{"start":{"line":42,"column":6},"end":{"line":47,"column":7}},"24":{"start":{"line":43,"column":8},"end":{"line":43,"column":29}},"25":{"start":{"line":44,"column":8},"end":{"line":44,"column":52}},"26":{"start":{"line":46,"column":8},"end":{"line":46,"column":15}},"27":{"start":{"line":52,"column":0},"end":{"line":103,"column":4}},"28":{"start":{"line":55,"column":4},"end":{"line":55,"column":25}},"29":{"start":{"line":56,"column":4},"end":{"line":56,"column":11}},"30":{"start":{"line":59,"column":4},"end":{"line":59,"column":25}},"31":{"start":{"line":60,"column":4},"end":{"line":60,"column":60}},"32":{"start":{"line":61,"column":4},"end":{"line":61,"column":48}},"33":{"start":{"line":68,"column":6},"end":{"line":68,"column":56}},"34":{"start":{"line":69,"column":6},"end":{"line":101,"column":9}},"35":{"start":{"line":70,"column":8},"end":{"line":70,"column":45}},"36":{"start":{"line":71,"column":40},"end":{"line":71,"column":48}},"37":{"start":{"line":73,"column":21},"end":{"line":75,"column":9}},"38":{"start":{"line":76,"column":8},"end":{"line":99,"column":10}},"39":{"start":{"line":79,"column":12},"end":{"line":97,"column":13}},"40":{"start":{"line":80,"column":14},"end":{"line":80,"column":35}},"41":{"start":{"line":81,"column":14},"end":{"line":81,"column":34}},"42":{"start":{"line":82,"column":14},"end":{"line":82,"column":52}},"43":{"start":{"line":84,"column":14},"end":{"line":84,"column":35}},"44":{"start":{"line":85,"column":31},"end":{"line":85,"column":42}},"45":{"start":{"line":86,"column":40},"end":{"line":90,"column":15}},"46":{"start":{"line":91,"column":14},"end":{"line":91,"column":42}},"47":{"start":{"line":92,"column":14},"end":{"line":96,"column":15}},"48":{"start":{"line":93,"column":16},"end":{"line":93,"column":30}},"49":{"start":{"line":95,"column":16},"end":{"line":95,"column":29}},"50":{"start":{"line":100,"column":8},"end":{"line":100,"column":24}},"51":{"start":{"line":105,"column":0},"end":{"line":173,"column":5}},"52":{"start":{"line":108,"column":4},"end":{"line":108,"column":25}},"53":{"start":{"line":109,"column":4},"end":{"line":109,"column":48}},"54":{"start":{"line":110,"column":4},"end":{"line":110,"column":11}},"55":{"start":{"line":113,"column":4},"end":{"line":113,"column":25}},"56":{"start":{"line":114,"column":4},"end":{"line":114,"column":61}},"57":{"start":{"line":117,"column":4},"end":{"line":117,"column":54}},"58":{"start":{"line":118,"column":4},"end":{"line":130,"column":7}},"59":{"start":{"line":119,"column":32},"end":{"line":123,"column":7}},"60":{"start":{"line":124,"column":6},"end":{"line":124,"column":34}},"61":{"start":{"line":125,"column":6},"end":{"line":129,"column":7}},"62":{"start":{"line":126,"column":8},"end":{"line":126,"column":22}},"63":{"start":{"line":128,"column":8},"end":{"line":128,"column":21}},"64":{"start":{"line":136,"column":6},"end":{"line":136,"column":56}},"65":{"start":{"line":137,"column":6},"end":{"line":163,"column":9}},"66":{"start":{"line":138,"column":8},"end":{"line":138,"column":45}},"67":{"start":{"line":139,"column":21},"end":{"line":139,"column":75}},"68":{"start":{"line":140,"column":8},"end":{"line":161,"column":10}},"69":{"start":{"line":143,"column":12},"end":{"line":159,"column":13}},"70":{"start":{"line":144,"column":14},"end":{"line":144,"column":35}},"71":{"start":{"line":145,"column":14},"end":{"line":145,"column":34}},"72":{"start":{"line":146,"column":14},"end":{"line":146,"column":52}},"73":{"start":{"line":148,"column":40},"end":{"line":152,"column":15}},"74":{"start":{"line":153,"column":14},"end":{"line":153,"column":42}},"75":{"start":{"line":154,"column":14},"end":{"line":158,"column":15}},"76":{"start":{"line":155,"column":16},"end":{"line":155,"column":30}},"77":{"start":{"line":157,"column":16},"end":{"line":157,"column":29}},"78":{"start":{"line":162,"column":8},"end":{"line":162,"column":24}},"79":{"start":{"line":167,"column":4},"end":{"line":172,"column":7}},"80":{"start":{"line":168,"column":19},"end":{"line":168,"column":65}},"81":{"start":{"line":169,"column":6},"end":{"line":169,"column":38}},"82":{"start":{"line":170,"column":6},"end":{"line":170,"column":22}},"83":{"start":{"line":171,"column":6},"end":{"line":171,"column":19}},"84":{"start":{"line":175,"column":0},"end":{"line":175,"column":24}}},"fnMap":{"0":{"name":"(anonymous_0)","decl":{"start":{"line":16,"column":29},"end":{"line":16,"column":30}},"loc":{"start":{"line":16,"column":55},"end":{"line":28,"column":1}},"line":16},"1":{"name":"(anonymous_1)","decl":{"start":{"line":30,"column":27},"end":{"line":30,"column":28}},"loc":{"start":{"line":30,"column":53},"end":{"line":50,"column":1}},"line":30},"2":{"name":"(anonymous_2)","decl":{"start":{"line":33,"column":40},"end":{"line":33,"column":41}},"loc":{"start":{"line":33,"column":56},"end":{"line":49,"column":3}},"line":33},"3":{"name":"(anonymous_3)","decl":{"start":{"line":54,"column":7},"end":{"line":54,"column":8}},"loc":{"start":{"line":54,"column":27},"end":{"line":57,"column":3}},"line":54},"4":{"name":"(anonymous_4)","decl":{"start":{"line":58,"column":11},"end":{"line":58,"column":12}},"loc":{"start":{"line":58,"column":25},"end":{"line":62,"column":3}},"line":58},"5":{"name":"(anonymous_5)","decl":{"start":{"line":67,"column":4},"end":{"line":67,"column":5}},"loc":{"start":{"line":67,"column":18},"end":{"line":102,"column":5}},"line":67},"6":{"name":"(anonymous_6)","decl":{"start":{"line":69,"column":19},"end":{"line":69,"column":20}},"loc":{"start":{"line":69,"column":25},"end":{"line":101,"column":7}},"line":69},"7":{"name":"(anonymous_7)","decl":{"start":{"line":78,"column":10},"end":{"line":78,"column":11}},"loc":{"start":{"line":78,"column":33},"end":{"line":98,"column":11}},"line":78},"8":{"name":"(anonymous_8)","decl":{"start":{"line":107,"column":7},"end":{"line":107,"column":8}},"loc":{"start":{"line":107,"column":27},"end":{"line":111,"column":3}},"line":107},"9":{"name":"(anonymous_9)","decl":{"start":{"line":112,"column":11},"end":{"line":112,"column":12}},"loc":{"start":{"line":112,"column":23},"end":{"line":115,"column":3}},"line":112},"10":{"name":"(anonymous_10)","decl":{"start":{"line":116,"column":29},"end":{"line":116,"column":30}},"loc":{"start":{"line":116,"column":43},"end":{"line":131,"column":3}},"line":116},"11":{"name":"(anonymous_11)","decl":{"start":{"line":118,"column":17},"end":{"line":118,"column":18}},"loc":{"start":{"line":118,"column":29},"end":{"line":130,"column":5}},"line":118},"12":{"name":"(anonymous_12)","decl":{"start":{"line":135,"column":4},"end":{"line":135,"column":5}},"loc":{"start":{"line":135,"column":18},"end":{"line":164,"column":5}},"line":135},"13":{"name":"(anonymous_13)","decl":{"start":{"line":137,"column":19},"end":{"line":137,"column":20}},"loc":{"start":{"line":137,"column":25},"end":{"line":163,"column":7}},"line":137},"14":{"name":"(anonymous_14)","decl":{"start":{"line":142,"column":10},"end":{"line":142,"column":11}},"loc":{"start":{"line":142,"column":33},"end":{"line":160,"column":11}},"line":142},"15":{"name":"(anonymous_15)","decl":{"start":{"line":166,"column":32},"end":{"line":166,"column":33}},"loc":{"start":{"line":166,"column":46},"end":{"line":173,"column":3}},"line":166},"16":{"name":"(anonymous_16)","decl":{"start":{"line":167,"column":17},"end":{"line":167,"column":18}},"loc":{"start":{"line":167,"column":29},"end":{"line":172,"column":5}},"line":167}},"branchMap":{"0":{"loc":{"start":{"line":22,"column":2},"end":{"line":27,"column":3}},"type":"if","locations":[{"start":{"line":22,"column":2},"end":{"line":27,"column":3}},{"start":{"line":25,"column":9},"end":{"line":27,"column":3}}],"line":22},"1":{"loc":{"start":{"line":34,"column":4},"end":{"line":48,"column":5}},"type":"if","locations":[{"start":{"line":34,"column":4},"end":{"line":48,"column":5}},{"start":{"line":38,"column":11},"end":{"line":48,"column":5}}],"line":34},"2":{"loc":{"start":{"line":38,"column":11},"end":{"line":48,"column":5}},"type":"if","locations":[{"start":{"line":38,"column":11},"end":{"line":48,"column":5}},{"start":{"line":41,"column":11},"end":{"line":48,"column":5}}],"line":38},"3":{"loc":{"start":{"line":42,"column":6},"end":{"line":47,"column":7}},"type":"if","locations":[{"start":{"line":42,"column":6},"end":{"line":47,"column":7}},{"start":{"line":45,"column":13},"end":{"line":47,"column":7}}],"line":42},"4":{"loc":{"start":{"line":79,"column":12},"end":{"line":97,"column":13}},"type":"if","locations":[{"start":{"line":79,"column":12},"end":{"line":97,"column":13}},{"start":{"line":83,"column":19},"end":{"line":97,"column":13}}],"line":79},"5":{"loc":{"start":{"line":92,"column":14},"end":{"line":96,"column":15}},"type":"if","locations":[{"start":{"line":92,"column":14},"end":{"line":96,"column":15}},{"start":{"line":94,"column":21},"end":{"line":96,"column":15}}],"line":92},"6":{"loc":{"start":{"line":125,"column":6},"end":{"line":129,"column":7}},"type":"if","locations":[{"start":{"line":125,"column":6},"end":{"line":129,"column":7}},{"start":{"line":127,"column":13},"end":{"line":129,"column":7}}],"line":125},"7":{"loc":{"start":{"line":143,"column":12},"end":{"line":159,"column":13}},"type":"if","locations":[{"start":{"line":143,"column":12},"end":{"line":159,"column":13}},{"start":{"line":147,"column":19},"end":{"line":159,"column":13}}],"line":143},"8":{"loc":{"start":{"line":154,"column":14},"end":{"line":158,"column":15}},"type":"if","locations":[{"start":{"line":154,"column":14},"end":{"line":158,"column":15}},{"start":{"line":156,"column":21},"end":{"line":158,"column":15}}],"line":154}},"s":{"0":1,"1":1,"2":1,"3":1,"4":1,"5":1,"6":1,"7":1,"8":14,"9":14,"10":1,"11":1,"12":13,"13":1,"14":12,"15":12,"16":12,"17":0,"18":0,"19":0,"20":12,"21":0,"22":0,"23":12,"24":2,"25":2,"26":10,"27":1,"28":17,"29":17,"30":0,"31":0,"32":0,"33":10,"34":10,"35":10,"36":10,"37":10,"38":10,"39":10,"40":0,"41":0,"42":0,"43":10,"44":10,"45":10,"46":10,"47":10,"48":10,"49":0,"50":10,"51":1,"52":1,"53":1,"54":1,"55":0,"56":0,"57":0,"58":0,"59":0,"60":0,"61":0,"62":0,"63":0,"64":1,"65":1,"66":1,"67":1,"68":1,"69":1,"70":0,"71":0,"72":0,"73":1,"74":1,"75":1,"76":1,"77":0,"78":1,"79":0,"80":0,"81":0,"82":0,"83":0,"84":1},"f":{"0":14,"1":12,"2":12,"3":17,"4":0,"5":10,"6":10,"7":10,"8":1,"9":0,"10":0,"11":0,"12":1,"13":1,"14":1,"15":0,"16":0},"b":{"0":[1,13],"1":[0,12],"2":[0,12],"3":[2,10],"4":[0,10],"5":[10,0],"6":[0,0],"7":[0,1],"8":[1,0]},"_coverageSchema":"1a1c01bbd47fc00a2c39e90264f33305004495a9","hash":"c57c825090c894fb2806d4c93b177a262575c13f"}
,"/Users/leonidponomarev/temp/task/backend/routes/gateway.js": {"path":"/Users/leonidponomarev/temp/task/backend/routes/gateway.js","statementMap":{"0":{"start":{"line":1,"column":16},"end":{"line":1,"column":34}},"1":{"start":{"line":2,"column":15},"end":{"line":2,"column":31}},"2":{"start":{"line":3,"column":16},"end":{"line":3,"column":45}},"3":{"start":{"line":4,"column":11},"end":{"line":4,"column":27}},"4":{"start":{"line":5,"column":15},"end":{"line":5,"column":44}},"5":{"start":{"line":11,"column":4},"end":{"line":11,"column":31}},"6":{"start":{"line":12,"column":24},"end":{"line":12,"column":59}},"7":{"start":{"line":14,"column":26},"end":{"line":22,"column":1}},"8":{"start":{"line":24,"column":0},"end":{"line":123,"column":5}},"9":{"start":{"line":27,"column":4},"end":{"line":27,"column":25}},"10":{"start":{"line":28,"column":4},"end":{"line":28,"column":48}},"11":{"start":{"line":29,"column":4},"end":{"line":29,"column":11}},"12":{"start":{"line":32,"column":4},"end":{"line":32,"column":25}},"13":{"start":{"line":33,"column":4},"end":{"line":33,"column":60}},"14":{"start":{"line":36,"column":4},"end":{"line":36,"column":54}},"15":{"start":{"line":37,"column":4},"end":{"line":37,"column":25}},"16":{"start":{"line":38,"column":4},"end":{"line":93,"column":7}},"17":{"start":{"line":40,"column":8},"end":{"line":40,"column":179}},"18":{"start":{"line":41,"column":6},"end":{"line":92,"column":9}},"19":{"start":{"line":42,"column":8},"end":{"line":91,"column":9}},"20":{"start":{"line":43,"column":10},"end":{"line":43,"column":23}},"21":{"start":{"line":44,"column":15},"end":{"line":91,"column":9}},"22":{"start":{"line":45,"column":10},"end":{"line":45,"column":30}},"23":{"start":{"line":46,"column":10},"end":{"line":46,"column":31}},"24":{"start":{"line":47,"column":10},"end":{"line":47,"column":23}},"25":{"start":{"line":49,"column":25},"end":{"line":89,"column":23}},"26":{"start":{"line":60,"column":16},"end":{"line":60,"column":19}},"27":{"start":{"line":61,"column":12},"end":{"line":87,"column":13}},"28":{"start":{"line":62,"column":14},"end":{"line":68,"column":17}},"29":{"start":{"line":70,"column":14},"end":{"line":86,"column":17}},"30":{"start":{"line":88,"column":12},"end":{"line":88,"column":23}},"31":{"start":{"line":90,"column":10},"end":{"line":90,"column":61}},"32":{"start":{"line":96,"column":4},"end":{"line":96,"column":54}},"33":{"start":{"line":97,"column":4},"end":{"line":122,"column":7}},"34":{"start":{"line":98,"column":6},"end":{"line":98,"column":44}},"35":{"start":{"line":99,"column":37},"end":{"line":99,"column":45}},"36":{"start":{"line":101,"column":19},"end":{"line":103,"column":7}},"37":{"start":{"line":104,"column":6},"end":{"line":120,"column":9}},"38":{"start":{"line":105,"column":8},"end":{"line":119,"column":9}},"39":{"start":{"line":106,"column":10},"end":{"line":106,"column":31}},"40":{"start":{"line":107,"column":10},"end":{"line":107,"column":30}},"41":{"start":{"line":108,"column":10},"end":{"line":108,"column":75}},"42":{"start":{"line":110,"column":10},"end":{"line":110,"column":31}},"43":{"start":{"line":111,"column":10},"end":{"line":118,"column":12}},"44":{"start":{"line":121,"column":6},"end":{"line":121,"column":22}},"45":{"start":{"line":125,"column":0},"end":{"line":204,"column":5}},"46":{"start":{"line":128,"column":4},"end":{"line":128,"column":25}},"47":{"start":{"line":129,"column":4},"end":{"line":129,"column":48}},"48":{"start":{"line":130,"column":4},"end":{"line":130,"column":11}},"49":{"start":{"line":133,"column":4},"end":{"line":133,"column":25}},"50":{"start":{"line":134,"column":4},"end":{"line":134,"column":61}},"51":{"start":{"line":137,"column":4},"end":{"line":137,"column":54}},"52":{"start":{"line":138,"column":4},"end":{"line":162,"column":7}},"53":{"start":{"line":139,"column":39},"end":{"line":143,"column":7}},"54":{"start":{"line":144,"column":6},"end":{"line":144,"column":34}},"55":{"start":{"line":145,"column":6},"end":{"line":161,"column":7}},"56":{"start":{"line":146,"column":8},"end":{"line":146,"column":32}},"57":{"start":{"line":147,"column":8},"end":{"line":158,"column":10}},"58":{"start":{"line":151,"column":12},"end":{"line":155,"column":13}},"59":{"start":{"line":152,"column":14},"end":{"line":154,"column":17}},"60":{"start":{"line":153,"column":16},"end":{"line":153,"column":45}},"61":{"start":{"line":156,"column":12},"end":{"line":156,"column":46}},"62":{"start":{"line":160,"column":8},"end":{"line":160,"column":21}},"63":{"start":{"line":165,"column":4},"end":{"line":165,"column":54}},"64":{"start":{"line":166,"column":4},"end":{"line":192,"column":7}},"65":{"start":{"line":167,"column":6},"end":{"line":167,"column":44}},"66":{"start":{"line":168,"column":19},"end":{"line":168,"column":74}},"67":{"start":{"line":169,"column":6},"end":{"line":190,"column":8}},"68":{"start":{"line":172,"column":10},"end":{"line":188,"column":11}},"69":{"start":{"line":173,"column":12},"end":{"line":173,"column":33}},"70":{"start":{"line":174,"column":12},"end":{"line":174,"column":32}},"71":{"start":{"line":175,"column":12},"end":{"line":175,"column":50}},"72":{"start":{"line":177,"column":38},"end":{"line":181,"column":13}},"73":{"start":{"line":182,"column":12},"end":{"line":182,"column":40}},"74":{"start":{"line":183,"column":12},"end":{"line":187,"column":13}},"75":{"start":{"line":184,"column":14},"end":{"line":184,"column":28}},"76":{"start":{"line":186,"column":14},"end":{"line":186,"column":27}},"77":{"start":{"line":191,"column":6},"end":{"line":191,"column":22}},"78":{"start":{"line":195,"column":4},"end":{"line":203,"column":7}},"79":{"start":{"line":196,"column":17},"end":{"line":196,"column":64}},"80":{"start":{"line":197,"column":6},"end":{"line":197,"column":32}},"81":{"start":{"line":199,"column":6},"end":{"line":199,"column":67}},"82":{"start":{"line":200,"column":6},"end":{"line":200,"column":32}},"83":{"start":{"line":201,"column":6},"end":{"line":201,"column":22}},"84":{"start":{"line":202,"column":6},"end":{"line":202,"column":19}},"85":{"start":{"line":206,"column":0},"end":{"line":206,"column":24}}},"fnMap":{"0":{"name":"(anonymous_0)","decl":{"start":{"line":26,"column":7},"end":{"line":26,"column":8}},"loc":{"start":{"line":26,"column":25},"end":{"line":30,"column":3}},"line":26},"1":{"name":"(anonymous_1)","decl":{"start":{"line":31,"column":11},"end":{"line":31,"column":12}},"loc":{"start":{"line":31,"column":23},"end":{"line":34,"column":3}},"line":31},"2":{"name":"(anonymous_2)","decl":{"start":{"line":35,"column":7},"end":{"line":35,"column":8}},"loc":{"start":{"line":35,"column":19},"end":{"line":94,"column":3}},"line":35},"3":{"name":"(anonymous_3)","decl":{"start":{"line":38,"column":17},"end":{"line":38,"column":18}},"loc":{"start":{"line":38,"column":23},"end":{"line":93,"column":5}},"line":38},"4":{"name":"(anonymous_4)","decl":{"start":{"line":41,"column":20},"end":{"line":41,"column":21}},"loc":{"start":{"line":41,"column":37},"end":{"line":92,"column":7}},"line":41},"5":{"name":"(anonymous_5)","decl":{"start":{"line":49,"column":37},"end":{"line":49,"column":38}},"loc":{"start":{"line":49,"column":51},"end":{"line":89,"column":11}},"line":49},"6":{"name":"(anonymous_6)","decl":{"start":{"line":95,"column":44},"end":{"line":95,"column":45}},"loc":{"start":{"line":95,"column":58},"end":{"line":123,"column":3}},"line":95},"7":{"name":"(anonymous_7)","decl":{"start":{"line":97,"column":17},"end":{"line":97,"column":18}},"loc":{"start":{"line":97,"column":23},"end":{"line":122,"column":5}},"line":97},"8":{"name":"(anonymous_8)","decl":{"start":{"line":104,"column":37},"end":{"line":104,"column":38}},"loc":{"start":{"line":104,"column":54},"end":{"line":120,"column":7}},"line":104},"9":{"name":"(anonymous_9)","decl":{"start":{"line":127,"column":7},"end":{"line":127,"column":8}},"loc":{"start":{"line":127,"column":25},"end":{"line":131,"column":3}},"line":127},"10":{"name":"(anonymous_10)","decl":{"start":{"line":132,"column":11},"end":{"line":132,"column":12}},"loc":{"start":{"line":132,"column":23},"end":{"line":135,"column":3}},"line":132},"11":{"name":"(anonymous_11)","decl":{"start":{"line":136,"column":7},"end":{"line":136,"column":8}},"loc":{"start":{"line":136,"column":21},"end":{"line":163,"column":3}},"line":136},"12":{"name":"(anonymous_12)","decl":{"start":{"line":138,"column":17},"end":{"line":138,"column":18}},"loc":{"start":{"line":138,"column":29},"end":{"line":162,"column":5}},"line":138},"13":{"name":"(anonymous_13)","decl":{"start":{"line":150,"column":10},"end":{"line":150,"column":11}},"loc":{"start":{"line":150,"column":27},"end":{"line":157,"column":11}},"line":150},"14":{"name":"(anonymous_14)","decl":{"start":{"line":152,"column":27},"end":{"line":152,"column":28}},"loc":{"start":{"line":152,"column":36},"end":{"line":154,"column":15}},"line":152},"15":{"name":"(anonymous_15)","decl":{"start":{"line":164,"column":45},"end":{"line":164,"column":46}},"loc":{"start":{"line":164,"column":59},"end":{"line":193,"column":3}},"line":164},"16":{"name":"(anonymous_16)","decl":{"start":{"line":166,"column":17},"end":{"line":166,"column":18}},"loc":{"start":{"line":166,"column":23},"end":{"line":192,"column":5}},"line":166},"17":{"name":"(anonymous_17)","decl":{"start":{"line":171,"column":8},"end":{"line":171,"column":9}},"loc":{"start":{"line":171,"column":31},"end":{"line":189,"column":9}},"line":171},"18":{"name":"(anonymous_18)","decl":{"start":{"line":194,"column":10},"end":{"line":194,"column":11}},"loc":{"start":{"line":194,"column":24},"end":{"line":204,"column":3}},"line":194},"19":{"name":"(anonymous_19)","decl":{"start":{"line":195,"column":17},"end":{"line":195,"column":18}},"loc":{"start":{"line":195,"column":29},"end":{"line":203,"column":5}},"line":195}},"branchMap":{"0":{"loc":{"start":{"line":42,"column":8},"end":{"line":91,"column":9}},"type":"if","locations":[{"start":{"line":42,"column":8},"end":{"line":91,"column":9}},{"start":{"line":44,"column":15},"end":{"line":91,"column":9}}],"line":42},"1":{"loc":{"start":{"line":44,"column":15},"end":{"line":91,"column":9}},"type":"if","locations":[{"start":{"line":44,"column":15},"end":{"line":91,"column":9}},{"start":{"line":48,"column":15},"end":{"line":91,"column":9}}],"line":44},"2":{"loc":{"start":{"line":61,"column":12},"end":{"line":87,"column":13}},"type":"if","locations":[{"start":{"line":61,"column":12},"end":{"line":87,"column":13}},{"start":{"line":69,"column":19},"end":{"line":87,"column":13}}],"line":61},"3":{"loc":{"start":{"line":75,"column":25},"end":{"line":85,"column":22}},"type":"cond-expr","locations":[{"start":{"line":76,"column":20},"end":{"line":84,"column":21}},{"start":{"line":85,"column":20},"end":{"line":85,"column":22}}],"line":75},"4":{"loc":{"start":{"line":105,"column":8},"end":{"line":119,"column":9}},"type":"if","locations":[{"start":{"line":105,"column":8},"end":{"line":119,"column":9}},{"start":{"line":109,"column":15},"end":{"line":119,"column":9}}],"line":105},"5":{"loc":{"start":{"line":145,"column":6},"end":{"line":161,"column":7}},"type":"if","locations":[{"start":{"line":145,"column":6},"end":{"line":161,"column":7}},{"start":{"line":159,"column":13},"end":{"line":161,"column":7}}],"line":145},"6":{"loc":{"start":{"line":151,"column":12},"end":{"line":155,"column":13}},"type":"if","locations":[{"start":{"line":151,"column":12},"end":{"line":155,"column":13}},{"start":{},"end":{}}],"line":151},"7":{"loc":{"start":{"line":172,"column":10},"end":{"line":188,"column":11}},"type":"if","locations":[{"start":{"line":172,"column":10},"end":{"line":188,"column":11}},{"start":{"line":176,"column":17},"end":{"line":188,"column":11}}],"line":172},"8":{"loc":{"start":{"line":183,"column":12},"end":{"line":187,"column":13}},"type":"if","locations":[{"start":{"line":183,"column":12},"end":{"line":187,"column":13}},{"start":{"line":185,"column":19},"end":{"line":187,"column":13}}],"line":183}},"s":{"0":1,"1":1,"2":1,"3":1,"4":1,"5":1,"6":1,"7":1,"8":1,"9":6,"10":6,"11":6,"12":0,"13":0,"14":1,"15":1,"16":1,"17":1,"18":1,"19":1,"20":0,"21":1,"22":0,"23":0,"24":0,"25":1,"26":28,"27":28,"28":23,"29":5,"30":28,"31":1,"32":4,"33":4,"34":4,"35":4,"36":4,"37":4,"38":4,"39":1,"40":1,"41":1,"42":3,"43":3,"44":4,"45":1,"46":5,"47":5,"48":5,"49":0,"50":0,"51":3,"52":3,"53":3,"54":3,"55":3,"56":2,"57":2,"58":2,"59":2,"60":0,"61":2,"62":1,"63":1,"64":1,"65":1,"66":1,"67":1,"68":1,"69":0,"70":0,"71":0,"72":1,"73":1,"74":1,"75":1,"76":0,"77":1,"78":1,"79":1,"80":1,"81":1,"82":1,"83":1,"84":1,"85":1},"f":{"0":6,"1":0,"2":1,"3":1,"4":1,"5":28,"6":4,"7":4,"8":4,"9":5,"10":0,"11":3,"12":3,"13":2,"14":0,"15":1,"16":1,"17":1,"18":1,"19":1},"b":{"0":[0,1],"1":[0,1],"2":[23,5],"3":[3,2],"4":[1,3],"5":[2,1],"6":[2,0],"7":[0,1],"8":[1,0]},"_coverageSchema":"1a1c01bbd47fc00a2c39e90264f33305004495a9","hash":"c112c71e970a195033df58ac0f442ee5650711de"}
,"/Users/leonidponomarev/temp/task/backend/tools/checkValidation.js": {"path":"/Users/leonidponomarev/temp/task/backend/tools/checkValidation.js","statementMap":{"0":{"start":{"line":1,"column":28},"end":{"line":1,"column":57}},"1":{"start":{"line":3,"column":24},"end":{"line":5,"column":1}},"2":{"start":{"line":3,"column":36},"end":{"line":5,"column":1}},"3":{"start":{"line":4,"column":2},"end":{"line":4,"column":50}},"4":{"start":{"line":7,"column":0},"end":{"line":7,"column":33}}},"fnMap":{"0":{"name":"(anonymous_0)","decl":{"start":{"line":3,"column":24},"end":{"line":3,"column":25}},"loc":{"start":{"line":3,"column":36},"end":{"line":5,"column":1}},"line":3},"1":{"name":"(anonymous_1)","decl":{"start":{"line":3,"column":36},"end":{"line":3,"column":37}},"loc":{"start":{"line":3,"column":56},"end":{"line":5,"column":1}},"line":3}},"branchMap":{},"s":{"0":1,"1":1,"2":4,"3":20,"4":1},"f":{"0":4,"1":20},"b":{},"_coverageSchema":"1a1c01bbd47fc00a2c39e90264f33305004495a9","hash":"462c9ba6905479bbab43b0d9f063ad4bdd7a1eff"}
,"/Users/leonidponomarev/temp/task/backend/tools/dbTools.js": {"path":"/Users/leonidponomarev/temp/task/backend/tools/dbTools.js","statementMap":{"0":{"start":{"line":1,"column":15},"end":{"line":1,"column":44}},"1":{"start":{"line":3,"column":17},"end":{"line":7,"column":1}},"2":{"start":{"line":4,"column":2},"end":{"line":6,"column":5}},"3":{"start":{"line":5,"column":4},"end":{"line":5,"column":56}},"4":{"start":{"line":5,"column":35},"end":{"line":5,"column":56}},"5":{"start":{"line":9,"column":20},"end":{"line":21,"column":1}},"6":{"start":{"line":10,"column":2},"end":{"line":20,"column":18}},"7":{"start":{"line":11,"column":4},"end":{"line":19,"column":8}},"8":{"start":{"line":12,"column":26},"end":{"line":12,"column":64}},"9":{"start":{"line":15,"column":10},"end":{"line":15,"column":40}},"10":{"start":{"line":16,"column":10},"end":{"line":16,"column":21}},"11":{"start":{"line":20,"column":7},"end":{"line":20,"column":18}},"12":{"start":{"line":23,"column":24},"end":{"line":32,"column":4}},"13":{"start":{"line":24,"column":2},"end":{"line":32,"column":4}},"14":{"start":{"line":25,"column":21},"end":{"line":25,"column":42}},"15":{"start":{"line":29,"column":27},"end":{"line":29,"column":48}},"16":{"start":{"line":34,"column":19},"end":{"line":47,"column":4}},"17":{"start":{"line":35,"column":2},"end":{"line":47,"column":4}},"18":{"start":{"line":36,"column":4},"end":{"line":46,"column":7}},"19":{"start":{"line":37,"column":6},"end":{"line":39,"column":7}},"20":{"start":{"line":38,"column":8},"end":{"line":38,"column":19}},"21":{"start":{"line":40,"column":6},"end":{"line":45,"column":7}},"22":{"start":{"line":41,"column":8},"end":{"line":41,"column":28}},"23":{"start":{"line":42,"column":8},"end":{"line":42,"column":19}},"24":{"start":{"line":44,"column":8},"end":{"line":44,"column":37}},"25":{"start":{"line":49,"column":0},"end":{"line":54,"column":2}}},"fnMap":{"0":{"name":"(anonymous_0)","decl":{"start":{"line":3,"column":17},"end":{"line":3,"column":18}},"loc":{"start":{"line":3,"column":52},"end":{"line":7,"column":1}},"line":3},"1":{"name":"(anonymous_1)","decl":{"start":{"line":4,"column":46},"end":{"line":4,"column":47}},"loc":{"start":{"line":4,"column":55},"end":{"line":6,"column":3}},"line":4},"2":{"name":"(anonymous_2)","decl":{"start":{"line":9,"column":20},"end":{"line":9,"column":21}},"loc":{"start":{"line":9,"column":29},"end":{"line":21,"column":1}},"line":9},"3":{"name":"(anonymous_3)","decl":{"start":{"line":12,"column":14},"end":{"line":12,"column":15}},"loc":{"start":{"line":12,"column":26},"end":{"line":12,"column":64}},"line":12},"4":{"name":"(anonymous_4)","decl":{"start":{"line":14,"column":8},"end":{"line":14,"column":9}},"loc":{"start":{"line":14,"column":31},"end":{"line":17,"column":9}},"line":14},"5":{"name":"(anonymous_5)","decl":{"start":{"line":23,"column":24},"end":{"line":23,"column":25}},"loc":{"start":{"line":24,"column":2},"end":{"line":32,"column":4}},"line":24},"6":{"name":"(anonymous_6)","decl":{"start":{"line":25,"column":9},"end":{"line":25,"column":10}},"loc":{"start":{"line":25,"column":21},"end":{"line":25,"column":42}},"line":25},"7":{"name":"(anonymous_7)","decl":{"start":{"line":29,"column":15},"end":{"line":29,"column":16}},"loc":{"start":{"line":29,"column":27},"end":{"line":29,"column":48}},"line":29},"8":{"name":"(anonymous_8)","decl":{"start":{"line":34,"column":19},"end":{"line":34,"column":20}},"loc":{"start":{"line":35,"column":2},"end":{"line":47,"column":4}},"line":35},"9":{"name":"(anonymous_9)","decl":{"start":{"line":35,"column":14},"end":{"line":35,"column":15}},"loc":{"start":{"line":35,"column":23},"end":{"line":47,"column":3}},"line":35},"10":{"name":"(anonymous_10)","decl":{"start":{"line":36,"column":24},"end":{"line":36,"column":25}},"loc":{"start":{"line":36,"column":40},"end":{"line":46,"column":5}},"line":36}},"branchMap":{"0":{"loc":{"start":{"line":3,"column":36},"end":{"line":3,"column":47}},"type":"default-arg","locations":[{"start":{"line":3,"column":45},"end":{"line":3,"column":47}}],"line":3},"1":{"loc":{"start":{"line":5,"column":4},"end":{"line":5,"column":56}},"type":"if","locations":[{"start":{"line":5,"column":4},"end":{"line":5,"column":56}},{"start":{},"end":{}}],"line":5},"2":{"loc":{"start":{"line":10,"column":2},"end":{"line":20,"column":18}},"type":"if","locations":[{"start":{"line":10,"column":2},"end":{"line":20,"column":18}},{"start":{"line":20,"column":7},"end":{"line":20,"column":18}}],"line":10},"3":{"loc":{"start":{"line":18,"column":8},"end":{"line":18,"column":42}},"type":"cond-expr","locations":[{"start":{"line":18,"column":35},"end":{"line":18,"column":37}},{"start":{"line":18,"column":40},"end":{"line":18,"column":42}}],"line":18},"4":{"loc":{"start":{"line":27,"column":4},"end":{"line":31,"column":28}},"type":"cond-expr","locations":[{"start":{"line":28,"column":8},"end":{"line":30,"column":24}},{"start":{"line":31,"column":8},"end":{"line":31,"column":28}}],"line":27},"5":{"loc":{"start":{"line":37,"column":6},"end":{"line":39,"column":7}},"type":"if","locations":[{"start":{"line":37,"column":6},"end":{"line":39,"column":7}},{"start":{},"end":{}}],"line":37},"6":{"loc":{"start":{"line":40,"column":6},"end":{"line":45,"column":7}},"type":"if","locations":[{"start":{"line":40,"column":6},"end":{"line":45,"column":7}},{"start":{"line":43,"column":13},"end":{"line":45,"column":7}}],"line":40}},"s":{"0":1,"1":1,"2":16,"3":48,"4":5,"5":1,"6":308,"7":71,"8":281,"9":273,"10":273,"11":237,"12":1,"13":2,"14":6,"15":0,"16":1,"17":29,"18":29,"19":29,"20":2,"21":29,"22":0,"23":0,"24":29,"25":1},"f":{"0":16,"1":48,"2":308,"3":281,"4":273,"5":2,"6":6,"7":0,"8":29,"9":29,"10":29},"b":{"0":[0],"1":[5,43],"2":[71,237],"3":[63,8],"4":[0,2],"5":[2,27],"6":[0,29]},"_coverageSchema":"1a1c01bbd47fc00a2c39e90264f33305004495a9","hash":"be0e530a62317ea8139a78e8ce526f737c64f6cc"}
}
