TN:
SF:app.js
FN:7,setHeaders
FN:29,(anonymous_1)
FNF:2
FNH:2
FNDA:27,setHeaders
FNDA:1,(anonymous_1)
DA:1,1
DA:2,1
DA:3,1
DA:4,1
DA:8,27
DA:9,27
DA:13,27
DA:17,1
DA:18,1
DA:21,1
DA:22,1
DA:23,1
DA:26,1
DA:29,1
DA:30,1
DA:31,1
DA:34,1
LF:17
LH:17
BRDA:30,0,0,1
BRDA:30,0,1,0
BRF:2
BRH:1
end_of_record
TN:
SF:db/db.js
FN:23,(anonymous_0)
FNF:1
FNH:1
FNDA:1,(anonymous_0)
DA:1,1
DA:2,1
DA:5,1
DA:13,1
DA:23,1
DA:26,1
DA:27,1
DA:30,1
LF:8
LH:8
BRF:0
BRH:0
end_of_record
TN:
SF:db/index.js
FNF:0
FNH:0
DA:1,1
LF:1
LH:1
BRF:0
BRH:0
end_of_record
TN:
SF:routes/device.js
FN:16,(anonymous_0)
FN:30,(anonymous_1)
FN:33,(anonymous_2)
FN:54,(anonymous_3)
FN:58,(anonymous_4)
FN:67,(anonymous_5)
FN:69,(anonymous_6)
FN:78,(anonymous_7)
FN:107,(anonymous_8)
FN:112,(anonymous_9)
FN:116,(anonymous_10)
FN:118,(anonymous_11)
FN:135,(anonymous_12)
FN:137,(anonymous_13)
FN:142,(anonymous_14)
FN:166,(anonymous_15)
FN:167,(anonymous_16)
FNF:17
FNH:11
FNDA:14,(anonymous_0)
FNDA:12,(anonymous_1)
FNDA:12,(anonymous_2)
FNDA:17,(anonymous_3)
FNDA:0,(anonymous_4)
FNDA:10,(anonymous_5)
FNDA:10,(anonymous_6)
FNDA:10,(anonymous_7)
FNDA:1,(anonymous_8)
FNDA:0,(anonymous_9)
FNDA:0,(anonymous_10)
FNDA:0,(anonymous_11)
FNDA:1,(anonymous_12)
FNDA:1,(anonymous_13)
FNDA:1,(anonymous_14)
FNDA:0,(anonymous_15)
FNDA:0,(anonymous_16)
DA:1,1
DA:2,1
DA:3,1
DA:4,1
DA:5,1
DA:6,1
DA:8,1
DA:16,1
DA:17,14
DA:22,14
DA:23,1
DA:24,1
DA:26,13
DA:30,1
DA:32,12
DA:33,12
DA:34,12
DA:35,0
DA:36,0
DA:37,0
DA:38,12
DA:39,0
DA:40,0
DA:42,12
DA:43,2
DA:44,2
DA:46,10
DA:52,1
DA:55,17
DA:56,17
DA:59,0
DA:60,0
DA:61,0
DA:68,10
DA:69,10
DA:70,10
DA:71,10
DA:73,10
DA:76,10
DA:79,10
DA:80,0
DA:81,0
DA:82,0
DA:84,10
DA:85,10
DA:86,10
DA:91,10
DA:92,10
DA:93,10
DA:95,0
DA:100,10
DA:105,1
DA:108,1
DA:109,1
DA:110,1
DA:113,0
DA:114,0
DA:117,0
DA:118,0
DA:119,0
DA:124,0
DA:125,0
DA:126,0
DA:128,0
DA:136,1
DA:137,1
DA:138,1
DA:139,1
DA:140,1
DA:143,1
DA:144,0
DA:145,0
DA:146,0
DA:148,1
DA:153,1
DA:154,1
DA:155,1
DA:157,0
DA:162,1
DA:167,0
DA:168,0
DA:169,0
DA:170,0
DA:171,0
DA:175,1
LF:85
LH:55
BRDA:22,0,0,1
BRDA:22,0,1,13
BRDA:34,1,0,0
BRDA:34,1,1,12
BRDA:38,2,0,0
BRDA:38,2,1,12
BRDA:42,3,0,2
BRDA:42,3,1,10
BRDA:79,4,0,0
BRDA:79,4,1,10
BRDA:92,5,0,10
BRDA:92,5,1,0
BRDA:125,6,0,0
BRDA:125,6,1,0
BRDA:143,7,0,0
BRDA:143,7,1,1
BRDA:154,8,0,1
BRDA:154,8,1,0
BRF:18
BRH:10
end_of_record
TN:
SF:routes/gateway.js
FN:26,(anonymous_0)
FN:31,(anonymous_1)
FN:35,(anonymous_2)
FN:38,(anonymous_3)
FN:41,(anonymous_4)
FN:49,(anonymous_5)
FN:95,(anonymous_6)
FN:97,(anonymous_7)
FN:104,(anonymous_8)
FN:127,(anonymous_9)
FN:132,(anonymous_10)
FN:136,(anonymous_11)
FN:138,(anonymous_12)
FN:150,(anonymous_13)
FN:152,(anonymous_14)
FN:164,(anonymous_15)
FN:166,(anonymous_16)
FN:171,(anonymous_17)
FN:194,(anonymous_18)
FN:195,(anonymous_19)
FNF:20
FNH:17
FNDA:6,(anonymous_0)
FNDA:0,(anonymous_1)
FNDA:1,(anonymous_2)
FNDA:1,(anonymous_3)
FNDA:1,(anonymous_4)
FNDA:28,(anonymous_5)
FNDA:4,(anonymous_6)
FNDA:4,(anonymous_7)
FNDA:4,(anonymous_8)
FNDA:5,(anonymous_9)
FNDA:0,(anonymous_10)
FNDA:3,(anonymous_11)
FNDA:3,(anonymous_12)
FNDA:2,(anonymous_13)
FNDA:0,(anonymous_14)
FNDA:1,(anonymous_15)
FNDA:1,(anonymous_16)
FNDA:1,(anonymous_17)
FNDA:1,(anonymous_18)
FNDA:1,(anonymous_19)
DA:1,1
DA:2,1
DA:3,1
DA:4,1
DA:5,1
DA:11,1
DA:12,1
DA:14,1
DA:24,1
DA:27,6
DA:28,6
DA:29,6
DA:32,0
DA:33,0
DA:36,1
DA:37,1
DA:38,1
DA:40,1
DA:41,1
DA:42,1
DA:43,0
DA:44,1
DA:45,0
DA:46,0
DA:47,0
DA:49,1
DA:60,28
DA:61,28
DA:62,23
DA:70,5
DA:88,28
DA:90,1
DA:96,4
DA:97,4
DA:98,4
DA:99,4
DA:101,4
DA:104,4
DA:105,4
DA:106,1
DA:107,1
DA:108,1
DA:110,3
DA:111,3
DA:121,4
DA:125,1
DA:128,5
DA:129,5
DA:130,5
DA:133,0
DA:134,0
DA:137,3
DA:138,3
DA:139,3
DA:144,3
DA:145,3
DA:146,2
DA:147,2
DA:151,2
DA:152,2
DA:153,0
DA:156,2
DA:160,1
DA:165,1
DA:166,1
DA:167,1
DA:168,1
DA:169,1
DA:172,1
DA:173,0
DA:174,0
DA:175,0
DA:177,1
DA:182,1
DA:183,1
DA:184,1
DA:186,0
DA:191,1
DA:195,1
DA:196,1
DA:197,1
DA:199,1
DA:200,1
DA:201,1
DA:202,1
DA:206,1
LF:86
LH:73
BRDA:42,0,0,0
BRDA:42,0,1,1
BRDA:44,1,0,0
BRDA:44,1,1,1
BRDA:61,2,0,23
BRDA:61,2,1,5
BRDA:75,3,0,3
BRDA:75,3,1,2
BRDA:105,4,0,1
BRDA:105,4,1,3
BRDA:145,5,0,2
BRDA:145,5,1,1
BRDA:151,6,0,2
BRDA:151,6,1,0
BRDA:172,7,0,0
BRDA:172,7,1,1
BRDA:183,8,0,1
BRDA:183,8,1,0
BRF:18
BRH:13
end_of_record
TN:
SF:tools/checkValidation.js
FN:3,(anonymous_0)
FN:3,(anonymous_1)
FNF:2
FNH:2
FNDA:4,(anonymous_0)
FNDA:20,(anonymous_1)
DA:1,1
DA:3,4
DA:4,20
DA:7,1
LF:4
LH:4
BRF:0
BRH:0
end_of_record
TN:
SF:tools/dbTools.js
FN:3,(anonymous_0)
FN:4,(anonymous_1)
FN:9,(anonymous_2)
FN:12,(anonymous_3)
FN:14,(anonymous_4)
FN:23,(anonymous_5)
FN:25,(anonymous_6)
FN:29,(anonymous_7)
FN:34,(anonymous_8)
FN:35,(anonymous_9)
FN:36,(anonymous_10)
FNF:11
FNH:10
FNDA:16,(anonymous_0)
FNDA:48,(anonymous_1)
FNDA:308,(anonymous_2)
FNDA:281,(anonymous_3)
FNDA:273,(anonymous_4)
FNDA:2,(anonymous_5)
FNDA:6,(anonymous_6)
FNDA:0,(anonymous_7)
FNDA:29,(anonymous_8)
FNDA:29,(anonymous_9)
FNDA:29,(anonymous_10)
DA:1,1
DA:3,1
DA:4,16
DA:5,48
DA:9,1
DA:10,308
DA:11,71
DA:12,281
DA:15,273
DA:16,273
DA:20,237
DA:23,1
DA:24,2
DA:25,6
DA:29,0
DA:34,1
DA:35,29
DA:36,29
DA:37,29
DA:38,2
DA:40,29
DA:41,0
DA:42,0
DA:44,29
DA:49,1
LF:25
LH:22
BRDA:3,0,0,0
BRDA:5,1,0,5
BRDA:5,1,1,43
BRDA:10,2,0,71
BRDA:10,2,1,237
BRDA:18,3,0,63
BRDA:18,3,1,8
BRDA:27,4,0,0
BRDA:27,4,1,2
BRDA:37,5,0,2
BRDA:37,5,1,27
BRDA:40,6,0,0
BRDA:40,6,1,29
BRF:13
BRH:10
end_of_record
